Not a valid list position.
Could not find element with Id 'katalon.composer.objectrepository.handledmenuitem.spyweb'
Could not find element with Id 'com.kms.katalon.composer.integration.analytics.handledtoolitem.katalonTestOps'
Could not find element with Id 'com.kms.katalon.composer.mobile.dynamicmenucontribution.ios'
Could not find element with Id 'com.kms.katalon.composer.mobile.dynamicmenucontribution.ios'
Warning: NLS unused message: Key in: com.kms.katalon.composer.project.constants.composerProjectMessages
Warning: NLS unused message: Key in: com.kms.katalon.composer.testcase.constants.composerTestcaseMessages
Warning: NLS missing message: BTN_ADDTESTSUITE in: com.kms.katalon.composer.testcase.constants.composerTestcaseMessages
Warning: NLS unused message: DIA_LBL_SELECT_TEST_DATA in: com.kms.katalon.composer.testsuite.constants.composerTestsuiteMessages
Warning: NLS unused message: HAND_WARN_TS_REQUIRES_PLUGIN_DYNAMIC_EXECUTION_TO_OPEN in: com.kms.katalon.composer.testsuite.constants.composerTestsuiteMessages
Warning: NLS unused message: DIA_INFO_KSE_COMBINE_MULTI_DATASOURCE in: com.kms.katalon.composer.testsuite.constants.composerTestsuiteMessages
Warning: NLS missing message: DIA_SHELL_DATA_ITERATION in: com.kms.katalon.composer.testsuite.constants.composerTestsuiteMessages
Warning: NLS missing message: DIA_LBL_TO_ROW in: com.kms.katalon.composer.testsuite.constants.composerTestsuiteMessages
Warning: NLS missing message: DIA_MSG_START_ROW_BIGGER_THAN_END_ROW in: com.kms.katalon.composer.testsuite.constants.composerTestsuiteMessages
Warning: NLS missing message: EDI_TITLE_TEST_CASE_BROWSER in: com.kms.katalon.composer.testsuite.constants.composerTestsuiteMessages
Warning: NLS missing message: DIA_MSG_CHOOSE_DATA_COLUMN in: com.kms.katalon.composer.testsuite.constants.composerTestsuiteMessages
Warning: NLS missing message: DIA_TABLE_EMPTY_COLUMN in: com.kms.katalon.composer.testsuite.constants.composerTestsuiteMessages
Warning: NLS missing message: DIA_WARN_MSG_EMPTY_COLUMN_NAME in: com.kms.katalon.composer.testsuite.constants.composerTestsuiteMessages
Warning: NLS missing message: PA_LBL_TOOLTIP_RETRY_IMMEDIATELY in: com.kms.katalon.composer.testsuite.constants.composerTestsuiteMessages
Warning: NLS unused message: Key in: com.kms.katalon.composer.objectrepository.constant.composerObjectRepositoryMessages
WebView Server has been started on port 56053
Warning: NLS missing message: PA_URL_SUPPORT_PORTAL in: com.kms.katalon.constants.messages
Warning: NLS missing message: URL_KATALON_SURVEY in: com.kms.katalon.constants.messages
Warning: NLS missing message: OFFLINE_ACTIVATION in: com.kms.katalon.constants.messages
Warning: NLS missing message: ENTERPRISE_TRIAL_LICENSE in: com.kms.katalon.constants.messages
Warning: NLS missing message: ActivationDialogV2_LBL_ENTERPRISE_LICENSE in: com.kms.katalon.constants.messages
Warning: NLS missing message: About_LBL_EDITION in: com.kms.katalon.constants.messages
Warning: NLS missing message: DIALOG_TITLE_FIRST_TIME_USE_SURVEY in: com.kms.katalon.constants.messages
Warning: NLS missing message: BTN_YES_CONTINUE_USE in: com.kms.katalon.constants.messages
Warning: NLS missing message: BTN_NO_QUIT_USING in: com.kms.katalon.constants.messages
Warning: NLS missing message: BTN_SEND in: com.kms.katalon.constants.messages
Warning: NLS missing message: MSG_QUESTION_WILL_CONTINUE_TO_USE in: com.kms.katalon.constants.messages
Warning: NLS missing message: MSG_QUIT_USING_KATALON_REASON in: com.kms.katalon.constants.messages
Warning: NLS missing message: MSG_QUIT_USING_KATALON_REASON_PLACEHOLDER in: com.kms.katalon.constants.messages
Start checking and mark activated for GUI mode
Start getting machine ID on Windows
Start appending additional signatures
hardwareSerialNumber 
osDependentUsername lenovo
End appending additional signatures 86b52356-1106-4eba-8fac-a2d4a574f79d__lenovo
End getting machine ID on Windows abed5084d9f50c417043e3946841e685
End checking and mark activated for GUI mode
Your current licensed session is valid until: junio 24, 2023 13:22
Start checking license task
Warning: NLS unused message: LBL_DEFAULT_LOCATOR_SELECTION_AREA in: com.katalon.plugin.smart_xpath.constant.SmartXpathMessages

Fri Jun 23 13:25:25 BOT 2023
Azure: Enterprise license for this feature is requested

Warning: NLS unused message: DIA_LBL_LIST_OF_COL_NAMES in: com.kms.katalon.composer.components.impl.constants.composerComponentsImplMessages
Warning: NLS unused message: DIA_LBL_SELECT_A_COL in: com.kms.katalon.composer.components.impl.constants.composerComponentsImplMessages
Latest plugins responses: []
Katalon version: 8.6.5
Plugin info URL: https://store.katalon.com/api/products/ks?appVersion=8.6.5&appType=KSE&licenseType=FREE

Fri Jun 23 13:25:56 BOT 2023
Azure: Enterprise license for this feature is requested

Launcher status after execution process completed: Running
Launcher status after execution process completed: Running
CodeSelectRequestor: Could not proceed due to null declaring type for org.codehaus.groovy.ast.expr.ConstantExpression@18dbfa81[Object Repository/Page_React App/button_Cancelar]
CodeSelectRequestor: Could not proceed due to null declaring type for org.codehaus.groovy.ast.expr.ConstantExpression@18dbfa81[Object Repository/Page_React App/button_Cancelar]
Launcher status after execution process completed: Running
Warning: NLS unused message: PREF_LBL_ACTIVE_BROWSER_PORT_DO_NOT_SHOW_WARNING_DIALOG in: com.kms.katalon.objectspy.constants.objectspyMessages
jun 23, 2023 1:46:59 PM org.openqa.selenium.remote.DesiredCapabilities chrome
INFORMACIÓN: Using `new ChromeOptions()` is preferred to `DesiredCapabilities.chrome()`
jun 23, 2023 1:47:02 PM org.openqa.selenium.remote.ProtocolHandshake createSession
INFORMACIÓN: Detected dialect: W3C
Launcher status after execution process completed: Running

Fri Jun 23 13:49:34 BOT 2023
Azure: Enterprise license for this feature is requested


Fri Jun 23 13:49:35 BOT 2023
Azure: Enterprise license for this feature is requested

jun 23, 2023 1:49:52 PM org.openqa.selenium.remote.DesiredCapabilities chrome
INFORMACIÓN: Using `new ChromeOptions()` is preferred to `DesiredCapabilities.chrome()`
jun 23, 2023 1:49:54 PM org.openqa.selenium.remote.ProtocolHandshake createSession
INFORMACIÓN: Detected dialect: W3C
jun 23, 2023 1:50:34 PM org.openqa.selenium.remote.DesiredCapabilities chrome
INFORMACIÓN: Using `new ChromeOptions()` is preferred to `DesiredCapabilities.chrome()`
jun 23, 2023 1:50:37 PM org.openqa.selenium.remote.ProtocolHandshake createSession
INFORMACIÓN: Detected dialect: W3C
INFO: KATALON_JAVA_HOME: null
Launcher status after execution process completed: Running

Fri Jun 23 13:52:24 BOT 2023
Azure: Enterprise license for this feature is requested

Launcher status after execution process completed: Running
Launcher status after execution process completed: Running
CodeSelectRequestor: Could not proceed due to null declaring type for org.codehaus.groovy.ast.expr.ConstantExpression@4a321b22[]
CodeSelectRequestor: Could not proceed due to null declaring type for org.codehaus.groovy.ast.expr.ConstantExpression@21432b42[Object Repository/Page_React App/button_Cancelar]
Launcher status after execution process completed: Running
Launcher status after execution process completed: Running
Launcher status after execution process completed: Running
Launcher status after execution process completed: Running
CodeSelectRequestor: Could not proceed due to null declaring type for org.codehaus.groovy.ast.expr.ConstantExpression@1f882e1e[Object Repository/Page_React App/svg]
CodeSelectRequestor: Could not proceed due to null declaring type for org.codehaus.groovy.ast.expr.PropertyExpression@5999e13d[object: org.codehaus.groovy.ast.expr.ClassExpression@6ac6ab9c[type: com.kms.katalon.core.webui.keyword.WebUiBuiltInKeywords] property: org.codehaus.groovy.ast.expr.ConstantExpression@79e50fc1[WebUI]]
CodeSelectRequestor: Could not proceed due to null declaring type for org.codehaus.groovy.ast.expr.PropertyExpression@38228c11[object: org.codehaus.groovy.ast.expr.ClassExpression@d699e17[type: com.kms.katalon.core.webui.keyword.WebUiBuiltInKeywords] property: org.codehaus.groovy.ast.expr.ConstantExpression@2b99c503[WebUI]]
CodeSelectRequestor: Could not proceed due to null declaring type for org.codehaus.groovy.ast.expr.ConstantExpression@5add3af6[]
CodeSelectRequestor: Could not proceed due to null declaring type for org.codehaus.groovy.ast.expr.ConstantExpression@5add3af6[]
CodeSelectRequestor: Could not proceed due to null declaring type for org.codehaus.groovy.ast.expr.ConstantExpression@284db134[Produc]
Launcher status after execution process completed: Running
CodeSelectRequestor: Could not proceed due to null declaring type for org.codehaus.groovy.ast.expr.ConstantExpression@6eaf8b9d[Productos]
Launcher status after execution process completed: Running

Fri Jun 23 14:22:24 BOT 2023
Azure: Enterprise license for this feature is requested

All launchers terminated
Warning: NLS missing message: ConsoleMain_MSG_DEVOPS_LICENSE_COMPATIBILITY in: com.kms.katalon.execution.constants.executionMessages
Warning: NLS missing message: ConsoleMain_MSG_NON_DEVOPS_LICENSE_COMPATIBLITY in: com.kms.katalon.execution.constants.executionMessages
Warning: NLS missing message: BTN_UPLOAD in: com.kms.katalon.composer.integration.analytics.constants.composerIntegrationAnalyticsMessages
Warning: NLS missing message: INSTRUCTION_FOR_CROSS_BROWSER_TESTING in: com.kms.katalon.composer.integration.analytics.constants.composerIntegrationAnalyticsMessages
Launcher status after execution process completed: Running
CodeSelectRequestor: Could not proceed due to null declaring type for org.codehaus.groovy.ast.expr.ConstantExpression@38d251bd[Productos]
CodeSelectRequestor: Could not proceed due to null declaring type for org.codehaus.groovy.ast.expr.ConstantExpression@38d251bd[Productos]
CodeSelectRequestor: Could not proceed due to null declaring type for org.codehaus.groovy.ast.expr.ConstantExpression@6364bc8e[C:\Users\Lenovo\Katalon Studio\AutomationWeb\Test Cases\pass.png]
Launcher status after execution process completed: Running
Launcher status after execution process completed: Running
CodeSelectRequestor: Could not proceed due to null declaring type for org.codehaus.groovy.ast.expr.ConstantExpression@4112ee5d[C:\Users\Lenovo\Katalon Studio\AutomationWeb\Test Cases\pass.png]
CodeSelectRequestor: Could not proceed due to null declaring type for org.codehaus.groovy.ast.expr.ConstantExpression@48ceed3e[Object Repository/Page_React App/svg]
Launcher status after execution process completed: Running
CodeSelectRequestor: Could not proceed due to null declaring type for org.codehaus.groovy.ast.expr.ConstantExpression@38df5f85[Pocket Store]
CodeSelectRequestor: Could not proceed due to null declaring type for org.codehaus.groovy.ast.expr.ConstantExpression@444c625[http://micromarket.shopbarrio.online]
CodeSelectRequestor: Could not proceed due to null declaring type for org.codehaus.groovy.ast.expr.ConstantExpression@444c625[http://micromarket.shopbarrio.online]
CodeSelectRequestor: Could not proceed due to null declaring type for org.codehaus.groovy.ast.expr.ConstantExpression@444c625[http://micromarket.shopbarrio.online]
CodeSelectRequestor: Could not proceed due to null declaring type for org.codehaus.groovy.ast.expr.ConstantExpression@444c625[http://micromarket.shopbarrio.online]
CodeSelectRequestor: Could not proceed due to null declaring type for org.codehaus.groovy.ast.expr.ConstantExpression@24164c35[Cancelar]
CodeSelectRequestor: Could not proceed due to null declaring type for org.codehaus.groovy.ast.expr.ConstantExpression@4d10523e[Object Repository/Page_React App/svg]
CodeSelectRequestor: Could not proceed due to null declaring type for org.codehaus.groovy.ast.expr.ConstantExpression@7803d69f[Productos]

Fri Jun 23 14:52:24 BOT 2023
Azure: Enterprise license for this feature is requested

